<?xml version="1.0" encoding="UTF-8"?>
<testng-results skipped="0" failed="0" total="1" passed="1">
  <reporter-output>
  </reporter-output>
  <suite name="Suite" duration-ms="11386" started-at="2016-02-01T10:09:12Z" finished-at="2016-02-01T10:09:24Z">
    <groups>
    </groups>
    <test name="Test" duration-ms="11386" started-at="2016-02-01T10:09:12Z" finished-at="2016-02-01T10:09:24Z">
      <class name="example.NewTest2">
        <test-method status="PASS" signature="beforeTest()[pri:0, instance:example.NewTest2@180bc464]" name="beforeTest" is-config="true" duration-ms="4878" started-at="2016-02-01T19:09:12Z" finished-at="2016-02-01T19:09:17Z">
          <reporter-output>
          </reporter-output>
        </test-method> <!-- beforeTest -->
        <test-method status="PASS" signature="f()[pri:0, instance:example.NewTest2@180bc464]" name="f" duration-ms="6288" started-at="2016-02-01T19:09:17Z" finished-at="2016-02-01T19:09:24Z">
          <reporter-output>
          </reporter-output>
        </test-method> <!-- f -->
        <test-method status="PASS" signature="afterTest()[pri:0, instance:example.NewTest2@180bc464]" name="afterTest" is-config="true" duration-ms="201" started-at="2016-02-01T19:09:24Z" finished-at="2016-02-01T19:09:24Z">
          <reporter-output>
          </reporter-output>
        </test-method> <!-- afterTest -->
      </class> <!-- example.NewTest2 -->
    </test> <!-- Test -->
  </suite> <!-- Suite -->
</testng-results>
